c:\k019g1491\自作エンジン\myengine directx12 texture\directxtex\bin\desktop_2019_win10\win32\debug\directxtex.pch
c:\k019g1491\自作エンジン\myengine directx12 texture\directxtex\bin\desktop_2019_win10\win32\debug\directxtex.pdb
c:\k019g1491\自作エンジン\myengine directx12 texture\directxtex\bin\desktop_2019_win10\win32\debug\directxtexutil.obj
c:\k019g1491\自作エンジン\myengine directx12 texture\directxtex\bin\desktop_2019_win10\win32\debug\directxtexwic.obj
c:\k019g1491\自作エンジン\myengine directx12 texture\directxtex\bin\desktop_2019_win10\win32\debug\directxtextga.obj
c:\k019g1491\自作エンジン\myengine directx12 texture\directxtex\bin\desktop_2019_win10\win32\debug\directxtexresize.obj
c:\k019g1491\自作エンジン\myengine directx12 texture\directxtex\bin\desktop_2019_win10\win32\debug\directxtexpmalpha.obj
c:\k019g1491\自作エンジン\myengine directx12 texture\directxtex\bin\desktop_2019_win10\win32\debug\directxtexnormalmaps.obj
c:\k019g1491\自作エンジン\myengine directx12 texture\directxtex\bin\desktop_2019_win10\win32\debug\directxtexmisc.obj
c:\k019g1491\自作エンジン\myengine directx12 texture\directxtex\bin\desktop_2019_win10\win32\debug\directxtexmipmaps.obj
c:\k019g1491\自作エンジン\myengine directx12 texture\directxtex\bin\desktop_2019_win10\win32\debug\directxteximage.obj
c:\k019g1491\自作エンジン\myengine directx12 texture\directxtex\bin\desktop_2019_win10\win32\debug\directxtexhdr.obj
c:\k019g1491\自作エンジン\myengine directx12 texture\directxtex\bin\desktop_2019_win10\win32\debug\directxtexfliprotate.obj
c:\k019g1491\自作エンジン\myengine directx12 texture\directxtex\bin\desktop_2019_win10\win32\debug\directxtexdds.obj
c:\k019g1491\自作エンジン\myengine directx12 texture\directxtex\bin\desktop_2019_win10\win32\debug\directxtexd3d12.obj
c:\k019g1491\自作エンジン\myengine directx12 texture\directxtex\bin\desktop_2019_win10\win32\debug\directxtexd3d11.obj
c:\k019g1491\自作エンジン\myengine directx12 texture\directxtex\bin\desktop_2019_win10\win32\debug\directxtexconvert.obj
c:\k019g1491\自作エンジン\myengine directx12 texture\directxtex\bin\desktop_2019_win10\win32\debug\directxtexcompressgpu.obj
c:\k019g1491\自作エンジン\myengine directx12 texture\directxtex\bin\desktop_2019_win10\win32\debug\directxtexcompress.obj
c:\k019g1491\自作エンジン\myengine directx12 texture\directxtex\bin\desktop_2019_win10\win32\debug\bcdirectcompute.obj
c:\k019g1491\自作エンジン\myengine directx12 texture\directxtex\bin\desktop_2019_win10\win32\debug\bc6hbc7.obj
c:\k019g1491\自作エンジン\myengine directx12 texture\directxtex\bin\desktop_2019_win10\win32\debug\bc4bc5.obj
c:\k019g1491\自作エンジン\myengine directx12 texture\directxtex\bin\desktop_2019_win10\win32\debug\bc.obj
c:\k019g1491\自作エンジン\myengine directx12 texture\directxtex\bin\desktop_2019_win10\win32\debug\directxtex.lib
c:\k019g1491\自作エンジン\myengine directx12 texture\directxtex\bin\desktop_2019_win10\win32\debug\directxtex.tlog\cl.command.1.tlog
c:\k019g1491\自作エンジン\myengine directx12 texture\directxtex\bin\desktop_2019_win10\win32\debug\directxtex.tlog\cl.read.1.tlog
c:\k019g1491\自作エンジン\myengine directx12 texture\directxtex\bin\desktop_2019_win10\win32\debug\directxtex.tlog\cl.write.1.tlog
c:\k019g1491\自作エンジン\myengine directx12 texture\directxtex\bin\desktop_2019_win10\win32\debug\directxtex.tlog\lib-link.read.1.tlog
c:\k019g1491\自作エンジン\myengine directx12 texture\directxtex\bin\desktop_2019_win10\win32\debug\directxtex.tlog\lib-link.write.1.tlog
c:\k019g1491\自作エンジン\myengine directx12 texture\directxtex\bin\desktop_2019_win10\win32\debug\directxtex.tlog\lib.command.1.tlog
