d:\就職作品\mylibrary\mylibrary\x64\debug\vc142.pdb
d:\就職作品\mylibrary\mylibrary\x64\debug\vc142.idb
d:\就職作品\mylibrary\mylibrary\x64\debug\main.obj
d:\就職作品\mylibrary\mylibrary\x64\debug\titlescene.obj
d:\就職作品\mylibrary\mylibrary\x64\debug\scenemanager.obj
d:\就職作品\mylibrary\mylibrary\x64\debug\scenefactory.obj
d:\就職作品\mylibrary\mylibrary\x64\debug\gamescene.obj
d:\就職作品\mylibrary\mylibrary\x64\debug\endscene.obj
d:\就職作品\mylibrary\mylibrary\x64\debug\basescene.obj
d:\就職作品\mylibrary\mylibrary\x64\debug\abstractscenefactory.obj
d:\就職作品\mylibrary\mylibrary\x64\debug\posteffect.obj
d:\就職作品\mylibrary\mylibrary\x64\debug\fog.obj
d:\就職作品\mylibrary\mylibrary\x64\debug\player.obj
d:\就職作品\mylibrary\mylibrary\x64\debug\gamebase.obj
d:\就職作品\mylibrary\mylibrary\x64\debug\directxgame.obj
d:\就職作品\mylibrary\mylibrary\x64\debug\debugtext.obj
d:\就職作品\mylibrary\mylibrary\x64\debug\windowsapi.obj
d:\就職作品\mylibrary\mylibrary\x64\debug\flamerate.obj
d:\就職作品\mylibrary\mylibrary\x64\debug\direcx12base.obj
d:\就職作品\mylibrary\mylibrary\x64\debug\audiomanager.obj
d:\就職作品\mylibrary\mylibrary\x64\debug\touchableobject.obj
d:\就職作品\mylibrary\mylibrary\x64\debug\particlemanager.obj
d:\就職作品\mylibrary\mylibrary\x64\debug\objloder.obj
d:\就職作品\mylibrary\mylibrary\x64\debug\objectobj.obj
d:\就職作品\mylibrary\mylibrary\x64\debug\object3d.obj
d:\就職作品\mylibrary\mylibrary\x64\debug\model.obj
d:\就職作品\mylibrary\mylibrary\x64\debug\mesh.obj
d:\就職作品\mylibrary\mylibrary\x64\debug\material.obj
d:\就職作品\mylibrary\mylibrary\x64\debug\geometoryobject.obj
d:\就職作品\mylibrary\mylibrary\x64\debug\geometorymodel.obj
d:\就職作品\mylibrary\mylibrary\x64\debug\fbxloader.obj
d:\就職作品\mylibrary\mylibrary\x64\debug\effekseermanager.obj
d:\就職作品\mylibrary\mylibrary\x64\debug\attackenemycollisionobject.obj
d:\就職作品\mylibrary\mylibrary\x64\debug\texturemanager.obj
d:\就職作品\mylibrary\mylibrary\x64\debug\sprite.obj
d:\就職作品\mylibrary\mylibrary\x64\debug\bossstate_rush.obj
d:\就職作品\mylibrary\mylibrary\x64\debug\bossstate_rolling.obj
d:\就職作品\mylibrary\mylibrary\x64\debug\bossstate_roar.obj
d:\就職作品\mylibrary\mylibrary\x64\debug\bossstate_lockon.obj
d:\就職作品\mylibrary\mylibrary\x64\debug\bossstate_breth.obj
d:\就職作品\mylibrary\mylibrary\x64\debug\bossstate_biting.obj
d:\就職作品\mylibrary\mylibrary\x64\debug\bossstate_backstep.obj
d:\就職作品\mylibrary\mylibrary\x64\debug\bossbasestate.obj
d:\就職作品\mylibrary\mylibrary\x64\debug\boss.obj
d:\就職作品\mylibrary\mylibrary\x64\debug\spherecollider.obj
d:\就職作品\mylibrary\mylibrary\x64\debug\meshcollider.obj
d:\就職作品\mylibrary\mylibrary\x64\debug\collisionprimitive.obj
d:\就職作品\mylibrary\mylibrary\x64\debug\collisionmanager.obj
d:\就職作品\mylibrary\mylibrary\x64\debug\collision.obj
d:\就職作品\mylibrary\mylibrary\x64\debug\attackcollisionobject.obj
d:\就職作品\mylibrary\mylibrary\x64\debug\debugcamera.obj
d:\就職作品\mylibrary\mylibrary\x64\debug\camera.obj
d:\就職作品\mylibrary\mylibrary\x64\debug\backcamera.obj
d:\就職作品\mylibrary\mylibrary\x64\debug\vector3.obj
d:\就職作品\mylibrary\mylibrary\x64\debug\quaternion.obj
d:\就職作品\mylibrary\mylibrary\x64\debug\matrix4.obj
d:\就職作品\mylibrary\mylibrary\x64\debug\exnum.obj
d:\就職作品\mylibrary\mylibrary\x64\debug\easing.obj
d:\就職作品\mylibrary\mylibrary\x64\debug\input.obj
d:\就職作品\mylibrary\mylibrary\x64\debug\gamepad.obj
d:\就職作品\mylibrary\mylibrary\x64\debug\bossstate_wait.obj
d:\就職作品\mylibrary\x64\debug\basicpixelshader.cso
d:\就職作品\mylibrary\x64\debug\basicvertexshader.cso
d:\就職作品\mylibrary\x64\debug\fbxps.cso
d:\就職作品\mylibrary\x64\debug\fbxvs.cso
d:\就職作品\mylibrary\x64\debug\mainfogps.cso
d:\就職作品\mylibrary\x64\debug\mainfogvs.cso
d:\就職作品\mylibrary\x64\debug\objpixelshader.cso
d:\就職作品\mylibrary\x64\debug\objvertexshader.cso
d:\就職作品\mylibrary\x64\debug\particlegs.cso
d:\就職作品\mylibrary\x64\debug\particleps.cso
d:\就職作品\mylibrary\x64\debug\particlevs.cso
d:\就職作品\mylibrary\x64\debug\posteffectps.cso
d:\就職作品\mylibrary\x64\debug\posteffectvs.cso
d:\就職作品\mylibrary\x64\debug\spritepixelshader.cso
d:\就職作品\mylibrary\x64\debug\spritevertexshader.cso
d:\就職作品\mylibrary\x64\debug\mylibrary.pdb
d:\就職作品\mylibrary\mylibrary\x64\debug\mylibrary.tlog\cl.command.1.tlog
d:\就職作品\mylibrary\mylibrary\x64\debug\mylibrary.tlog\cl.read.1.tlog
d:\就職作品\mylibrary\mylibrary\x64\debug\mylibrary.tlog\cl.write.1.tlog
d:\就職作品\mylibrary\mylibrary\x64\debug\mylibrary.tlog\fxc.command.1.tlog
d:\就職作品\mylibrary\mylibrary\x64\debug\mylibrary.tlog\fxc.read.1.tlog
d:\就職作品\mylibrary\mylibrary\x64\debug\mylibrary.tlog\fxc.write.1.tlog
d:\就職作品\mylibrary\mylibrary\x64\debug\mylibrary.tlog\link-cvtres.read.1.tlog
d:\就職作品\mylibrary\mylibrary\x64\debug\mylibrary.tlog\link-cvtres.write.1.tlog
d:\就職作品\mylibrary\mylibrary\x64\debug\mylibrary.tlog\link-rc.read.1.tlog
d:\就職作品\mylibrary\mylibrary\x64\debug\mylibrary.tlog\link-rc.write.1.tlog
d:\就職作品\mylibrary\mylibrary\x64\debug\mylibrary.tlog\link.command.1.tlog
d:\就職作品\mylibrary\mylibrary\x64\debug\mylibrary.tlog\link.read.1.tlog
d:\就職作品\mylibrary\mylibrary\x64\debug\mylibrary.tlog\link.write.1.tlog
